Start testing: Mar 02 19:55 CST
----------------------------------------------------------
1/3 Testing: thread_pool_test
1/3 Test: thread_pool_test
Command: "/mnt/e/Virtual-Vehicle-OS/build-linux/thread_pool_test"
Directory: /mnt/e/Virtual-Vehicle-OS/build-linux
"thread_pool_test" start time: Mar 02 19:55 CST
Output:
----------------------------------------------------------
ThreadPool tests passed.
<end of output>
Test time =   0.21 sec
----------------------------------------------------------
Test Passed.
"thread_pool_test" end time: Mar 02 19:55 CST
"thread_pool_test" time elapsed: 00:00:00
----------------------------------------------------------

2/3 Testing: posix_message_queue_test
2/3 Test: posix_message_queue_test
Command: "/mnt/e/Virtual-Vehicle-OS/build-linux/posix_message_queue_test"
Directory: /mnt/e/Virtual-Vehicle-OS/build-linux
"posix_message_queue_test" start time: Mar 02 19:55 CST
Output:
----------------------------------------------------------
POSIX message queue tests passed.
<end of output>
Test time =   0.00 sec
----------------------------------------------------------
Test Passed.
"posix_message_queue_test" end time: Mar 02 19:55 CST
"posix_message_queue_test" time elapsed: 00:00:00
----------------------------------------------------------

3/3 Testing: logger_format_test
3/3 Test: logger_format_test
Command: "/mnt/e/Virtual-Vehicle-OS/build-linux/logger_format_test"
Directory: /mnt/e/Virtual-Vehicle-OS/build-linux
"logger_format_test" start time: Mar 02 19:55 CST
Output:
----------------------------------------------------------
Logger format tests passed.
<end of output>
Test time =   0.01 sec
----------------------------------------------------------
Test Passed.
"logger_format_test" end time: Mar 02 19:55 CST
"logger_format_test" time elapsed: 00:00:00
----------------------------------------------------------

End testing: Mar 02 19:55 CST
